<?xml version="1.0" encoding="UTF-8"?>
<!-- Generated by org.testng.reporters.JUnitReportReporter -->
<testsuite hostname="DESKTOP-20SO9CP" failures="0" tests="1" name="SamplePracticeGit.DetailDemo" time="0.011" errors="0" timestamp="2023-08-03T20:44:38 CEST" skipped="0">
  <testcase classname="SamplePracticeGit.DetailDemo" name="create" time="0.011"/>
  <system-out/>
</testsuite> <!-- SamplePracticeGit.DetailDemo -->
